        -:    0:Source:cardtest1.c
        -:    0:Graph:cardtest1.gcno
        -:    0:Data:cardtest1.gcda
        -:    0:Runs:1
        -:    0:Programs:1
        -:    1:/// Jessica Calnan
        -:    2:/// CS 362 Fall 2017
        -:    3:/// Assignment 3 Due 10/22/17
        -:    4:/// Card Test: Great Hall
        -:    5:
        -:    6:#include "dominion.h"
        -:    7:#include "dominion_helpers.h"
        -:    8:#include "rngs.h"
        -:    9:#include <string.h>
        -:   10:#include <stdio.h>
        -:   11:#include <math.h>
        -:   12:#include <stdlib.h>
        -:   13:#include <assert.h>
        -:   14:
function main called 1 returned 100% blocks executed 80%
        1:   15:int main (int argc, char** argv)	//argument count and num arguments passed to function
        -:   16:{
        -:   17:	struct gameState GS;
        -:   18:	int tmp;
        -:   19:	
        1:   20:	printf ("\nStart of Card Test: Great Hall\n"); //message to indicate the card test has begun
call    0 returned 100%
        -:   21:
        1:   22:	GS.numActions = 0;
        1:   23:	GS.handCount[0] = 1;
        1:   24:	GS.hand[0][0] = great_hall;
        1:   25:	tmp = cardEffect(great_hall, 0, 0, 0, &GS, 0, 0);
call    0 returned 100%
        1:   26:	assert(tmp == 0);
branch  0 taken 0% (fallthrough)
branch  1 taken 100%
call    2 never executed
        -:   27:	//assert(GS.handCount[0] == 1);
        1:   28:	assert(GS.numActions == 1);
branch  0 taken 0% (fallthrough)
branch  1 taken 100%
call    2 never executed
        1:   29:	printf("\nPass\n");
call    0 returned 100%
        -:   30:	
        1:   31:	printf ("\nEnd of Card Test: Great Hall\n"); //message to indicate the test has finished
call    0 returned 100%
        -:   32:	
        1:   33:	return 0; //exit
        -:   34:}
