        -:    0:Source:dominion.c
        -:    0:Graph:dominion.gcno
        -:    0:Data:dominion.gcda
        -:    0:Runs:1
        -:    0:Programs:1
        -:    1:#include "dominion.h"
        -:    2:#include "dominion_helpers.h"
        -:    3:#include "rngs.h"
        -:    4:#include <stdio.h>
        -:    5:#include <math.h>
        -:    6:#include <stdlib.h>
        -:    7:
      165:    8:int compare(const void* a, const void* b) {
      165:    9:  if (*(int*)a > *(int*)b)
    #####:   10:    return 1;
      165:   11:  if (*(int*)a < *(int*)b)
       44:   12:    return -1;
      121:   13:  return 0;
        -:   14:}
        -:   15:
    #####:   16:struct gameState* newGame() {
    #####:   17:  struct gameState* g = malloc(sizeof(struct gameState));
    #####:   18:  return g;
        -:   19:}
        -:   20:
    #####:   21:int* kingdomCards(int k1, int k2, int k3, int k4, int k5, int k6, int k7,
        -:   22:		  int k8, int k9, int k10) {
    #####:   23:  int* k = malloc(10 * sizeof(int));
    #####:   24:  k[0] = k1;
    #####:   25:  k[1] = k2;
    #####:   26:  k[2] = k3;
    #####:   27:  k[3] = k4;
    #####:   28:  k[4] = k5;
    #####:   29:  k[5] = k6;
    #####:   30:  k[6] = k7;
    #####:   31:  k[7] = k8;
    #####:   32:  k[8] = k9;
    #####:   33:  k[9] = k10;
    #####:   34:  return k;
        -:   35:}
        -:   36:
        4:   37:int initializeGame(int numPlayers, int kingdomCards[10], int randomSeed,
        -:   38:		   struct gameState *state) {
        -:   39:
        -:   40:  int i;
        -:   41:  int j;
        -:   42:  int it;			
        -:   43:  //set up random number generator
        4:   44:  SelectStream(1);
        4:   45:  PutSeed((long)randomSeed);
        -:   46:  
        -:   47:  //check number of players
        4:   48:  if (numPlayers > MAX_PLAYERS || numPlayers < 2)
        -:   49:    {
    #####:   50:      return -1;
        -:   51:    }
        -:   52:
        -:   53:  //set number of players
        4:   54:  state->numPlayers = numPlayers;
        -:   55:
        -:   56:  //check selected kingdom cards are different
       44:   57:  for (i = 0; i < 10; i++)
        -:   58:    {
      440:   59:      for (j = 0; j < 10; j++)
        -:   60:        {
      400:   61:	  if (j != i && kingdomCards[j] == kingdomCards[i])
        -:   62:	    {
    #####:   63:	      return -1;
        -:   64:	    }
        -:   65:        }
        -:   66:    }
        -:   67:
        -:   68:
        -:   69:  //initialize supply
        -:   70:  ///////////////////////////////
        -:   71:
        -:   72:  //set number of Curse cards
        4:   73:  if (numPlayers == 2)
        -:   74:    {
        2:   75:      state->supplyCount[curse] = 10;
        -:   76:    }
        2:   77:  else if (numPlayers == 3)
        -:   78:    {
        1:   79:      state->supplyCount[curse] = 20;
        -:   80:    }
        -:   81:  else
        -:   82:    {
        1:   83:      state->supplyCount[curse] = 30;
        -:   84:    }
        -:   85:
        -:   86:  //set number of Victory cards
        4:   87:  if (numPlayers == 2)
        -:   88:    {
        2:   89:      state->supplyCount[estate] = 8;
        2:   90:      state->supplyCount[duchy] = 8;
        2:   91:      state->supplyCount[province] = 8;
        -:   92:    }
        -:   93:  else
        -:   94:    {
        2:   95:      state->supplyCount[estate] = 12;
        2:   96:      state->supplyCount[duchy] = 12;
        2:   97:      state->supplyCount[province] = 12;
        -:   98:    }
        -:   99:
        -:  100:  //set number of Treasure cards
        4:  101:  state->supplyCount[copper] = 60 - (7 * numPlayers);
        4:  102:  state->supplyCount[silver] = 40;
        4:  103:  state->supplyCount[gold] = 30;
        -:  104:
        -:  105:  //set number of Kingdom cards
       84:  106:  for (i = adventurer; i <= treasure_map; i++)       	//loop all cards
        -:  107:    {
      820:  108:      for (j = 0; j < 10; j++)           		//loop chosen cards
        -:  109:	{
      760:  110:	  if (kingdomCards[j] == i)
        -:  111:	    {
        -:  112:	      //check if card is a 'Victory' Kingdom card
       20:  113:	      if (kingdomCards[j] == great_hall || kingdomCards[j] == gardens)
        -:  114:		{
    #####:  115:		  if (numPlayers == 2){ 
    #####:  116:		    state->supplyCount[i] = 8; 
        -:  117:		  }
    #####:  118:		  else{ state->supplyCount[i] = 12; }
        -:  119:		}
        -:  120:	      else
        -:  121:		{
       20:  122:		  state->supplyCount[i] = 10;
        -:  123:		}
       20:  124:	      break;
        -:  125:	    }
        -:  126:	  else    //card is not in the set choosen for the game
        -:  127:	    {
      740:  128:	      state->supplyCount[i] = -1;
        -:  129:	    }
        -:  130:	}
        -:  131:
        -:  132:    }
        -:  133:
        -:  134:  ////////////////////////
        -:  135:  //supply intilization complete
        -:  136:
        -:  137:  //set player decks
       15:  138:  for (i = 0; i < numPlayers; i++)
        -:  139:    {
       11:  140:      state->deckCount[i] = 0;
       44:  141:      for (j = 0; j < 3; j++)
        -:  142:	{
       33:  143:	  state->deck[i][j] = estate;
       33:  144:	  state->deckCount[i]++;
        -:  145:	}
       88:  146:      for (j = 3; j < 10; j++)
        -:  147:	{
       77:  148:	  state->deck[i][j] = copper;
       77:  149:	  state->deckCount[i]++;		
        -:  150:	}
        -:  151:    }
        -:  152:
        -:  153:  //shuffle player decks
       15:  154:  for (i = 0; i < numPlayers; i++)
        -:  155:    {
       11:  156:      if ( shuffle(i, state) < 0 )
        -:  157:	{
    #####:  158:	  return -1;
        -:  159:	}
        -:  160:    }
        -:  161:
        -:  162:  //draw player hands
       15:  163:  for (i = 0; i < numPlayers; i++)
        -:  164:    {  
        -:  165:      //initialize hand size to zero
       11:  166:      state->handCount[i] = 0;
       11:  167:      state->discardCount[i] = 0;
        -:  168:      //draw 5 cards
        -:  169:      // for (j = 0; j < 5; j++)
        -:  170:      //	{
        -:  171:      //	  drawCard(i, state);
        -:  172:      //	}
        -:  173:    }
        -:  174:  
        -:  175:  //set embargo tokens to 0 for all supply piles
      112:  176:  for (i = 0; i <= treasure_map; i++)
        -:  177:    {
      108:  178:      state->embargoTokens[i] = 0;
        -:  179:    }
        -:  180:
        -:  181:  //initialize first player's turn
        4:  182:  state->outpostPlayed = 0;
        4:  183:  state->phase = 0;
        4:  184:  state->numActions = 1;
        4:  185:  state->numBuys = 1;
        4:  186:  state->playedCardCount = 0;
        4:  187:  state->whoseTurn = 0;
        4:  188:  state->handCount[state->whoseTurn] = 0;
        -:  189:  //int it; move to top
        -:  190:
        -:  191:  //Moved draw cards to here, only drawing at the start of a turn
       24:  192:  for (it = 0; it < 5; it++){
       20:  193:    drawCard(state->whoseTurn, state);
        -:  194:  }
        -:  195:
        4:  196:  updateCoins(state->whoseTurn, state, 0);
        -:  197:
        4:  198:  return 0;
        -:  199:}
        -:  200:
       11:  201:int shuffle(int player, struct gameState *state) {
        -:  202: 
        -:  203:
        -:  204:  int newDeck[MAX_DECK];
       11:  205:  int newDeckPos = 0;
        -:  206:  int card;
        -:  207:  int i;
        -:  208:
       11:  209:  if (state->deckCount[player] < 1)
    #####:  210:    return -1;
       11:  211:  qsort ((void*)(state->deck[player]), state->deckCount[player], sizeof(int), compare); 
        -:  212:  /* SORT CARDS IN DECK TO ENSURE DETERMINISM! */
        -:  213:
      132:  214:  while (state->deckCount[player] > 0) {
      110:  215:    card = floor(Random() * state->deckCount[player]);
      110:  216:    newDeck[newDeckPos] = state->deck[player][card];
      110:  217:    newDeckPos++;
      332:  218:    for (i = card; i < state->deckCount[player]-1; i++) {
      222:  219:      state->deck[player][i] = state->deck[player][i+1];
        -:  220:    }
      110:  221:    state->deckCount[player]--;
        -:  222:  }
      121:  223:  for (i = 0; i < newDeckPos; i++) {
      110:  224:    state->deck[player][i] = newDeck[i];
      110:  225:    state->deckCount[player]++;
        -:  226:  }
        -:  227:
       11:  228:  return 0;
        -:  229:}
        -:  230:
        4:  231:int playCard(int handPos, int choice1, int choice2, int choice3, struct gameState *state) 
        -:  232:{	
        -:  233:  int card;
        4:  234:  int coin_bonus = 0; 		//tracks coins gain from actions
        -:  235:
        -:  236:  //check if it is the right phase
        4:  237:  if (state->phase != 0)
        -:  238:    {
    #####:  239:      return -1;
        -:  240:    }
        -:  241:	
        -:  242:  //check if player has enough actions
        4:  243:  if ( state->numActions < 1 )
        -:  244:    {
    #####:  245:      return -1;
        -:  246:    }
        -:  247:	
        -:  248:  //get card played
        4:  249:  card = handCard(handPos, state);
        -:  250:	
        -:  251:  //check if selected card is an action
        4:  252:  if ( card < adventurer || card > treasure_map )
        -:  253:    {
    #####:  254:      return -1;
        -:  255:    }
        -:  256:	
        -:  257:  //play card
        4:  258:  if ( cardEffect(card, choice1, choice2, choice3, state, handPos, &coin_bonus) < 0 )
        -:  259:    {
    #####:  260:      return -1;
        -:  261:    }
        -:  262:	
        -:  263:  //reduce number of actions
        4:  264:  state->numActions--;
        -:  265:
        -:  266:  //update coins (Treasure cards may be added with card draws)
        4:  267:  updateCoins(state->whoseTurn, state, coin_bonus);
        -:  268:	
        4:  269:  return 0;
        -:  270:}
        -:  271:
    #####:  272:int buyCard(int supplyPos, struct gameState *state) {
        -:  273:  int who;
        -:  274:  if (DEBUG){
        -:  275:    printf("Entering buyCard...\n");
        -:  276:  }
        -:  277:
        -:  278:  // I don't know what to do about the phase thing.
        -:  279:
    #####:  280:  who = state->whoseTurn;
        -:  281:
    #####:  282:  if (state->numBuys < 1){
        -:  283:    if (DEBUG)
        -:  284:      printf("You do not have any buys left\n");
    #####:  285:    return -1;
    #####:  286:  } else if (supplyCount(supplyPos, state) <1){
        -:  287:    if (DEBUG)
        -:  288:      printf("There are not any of that type of card left\n");
    #####:  289:    return -1;
    #####:  290:  } else if (state->coins < getCost(supplyPos)){
        -:  291:    if (DEBUG) 
        -:  292:      printf("You do not have enough money to buy that. You have %d coins.\n", state->coins);
    #####:  293:    return -1;
        -:  294:  } else {
    #####:  295:    state->phase=1;
        -:  296:    //state->supplyCount[supplyPos]--;
    #####:  297:    gainCard(supplyPos, state, 0, who); //card goes in discard, this might be wrong.. (2 means goes into hand, 0 goes into discard)
        -:  298:  
    #####:  299:    state->coins = (state->coins) - (getCost(supplyPos));
    #####:  300:    state->numBuys--;
        -:  301:    if (DEBUG)
        -:  302:      printf("You bought card number %d for %d coins. You now have %d buys and %d coins.\n", supplyPos, getCost(supplyPos), state->numBuys, state->coins);
        -:  303:  }
        -:  304:
        -:  305:  //state->discard[who][state->discardCount[who]] = supplyPos;
        -:  306:  //state->discardCount[who]++;
        -:  307:    
    #####:  308:  return 0;
        -:  309:}
        -:  310:
    #####:  311:int numHandCards(struct gameState *state) {
    #####:  312:  return state->handCount[ whoseTurn(state) ];
        -:  313:}
        -:  314:
        4:  315:int handCard(int handPos, struct gameState *state) {
        4:  316:  int currentPlayer = whoseTurn(state);
        4:  317:  return state->hand[currentPlayer][handPos];
        -:  318:}
        -:  319:
    #####:  320:int supplyCount(int card, struct gameState *state) {
    #####:  321:  return state->supplyCount[card];
        -:  322:}
        -:  323:
    #####:  324:int fullDeckCount(int player, int card, struct gameState *state) {
        -:  325:  int i;
    #####:  326:  int count = 0;
        -:  327:
    #####:  328:  for (i = 0; i < state->deckCount[player]; i++)
        -:  329:    {
    #####:  330:      if (state->deck[player][i] == card) count++;
        -:  331:    }
        -:  332:
    #####:  333:  for (i = 0; i < state->handCount[player]; i++)
        -:  334:    {
    #####:  335:      if (state->hand[player][i] == card) count++;
        -:  336:    }
        -:  337:
    #####:  338:  for (i = 0; i < state->discardCount[player]; i++)
        -:  339:    {
    #####:  340:      if (state->discard[player][i] == card) count++;
        -:  341:    }
        -:  342:
    #####:  343:  return count;
        -:  344:}
        -:  345:
       12:  346:int whoseTurn(struct gameState *state) {
       12:  347:  return state->whoseTurn;
        -:  348:}
        -:  349:
    #####:  350:int endTurn(struct gameState *state) {
        -:  351:  int k;
        -:  352:  int i;
    #####:  353:  int currentPlayer = whoseTurn(state);
        -:  354:  
        -:  355:  //Discard hand
    #####:  356:  for (i = 0; i < state->handCount[currentPlayer]; i++){
    #####:  357:    state->discard[currentPlayer][state->discardCount[currentPlayer]++] = state->hand[currentPlayer][i];//Discard
    #####:  358:    state->hand[currentPlayer][i] = -1;//Set card to -1
        -:  359:  }
    #####:  360:  state->handCount[currentPlayer] = 0;//Reset hand count
        -:  361:    
        -:  362:  //Code for determining the player
    #####:  363:  if (currentPlayer < (state->numPlayers - 1)){ 
    #####:  364:    state->whoseTurn = currentPlayer + 1;//Still safe to increment
        -:  365:  }
        -:  366:  else{
    #####:  367:    state->whoseTurn = 0;//Max player has been reached, loop back around to player 1
        -:  368:  }
        -:  369:
    #####:  370:  state->outpostPlayed = 0;
    #####:  371:  state->phase = 0;
    #####:  372:  state->numActions = 1;
    #####:  373:  state->coins = 0;
    #####:  374:  state->numBuys = 1;
    #####:  375:  state->playedCardCount = 0;
    #####:  376:  state->handCount[state->whoseTurn] = 0;
        -:  377:
        -:  378:  //int k; move to top
        -:  379:  //Next player draws hand
    #####:  380:  for (k = 0; k < 5; k++){
    #####:  381:    drawCard(state->whoseTurn, state);//Draw a card
        -:  382:  }
        -:  383:
        -:  384:  //Update money
    #####:  385:  updateCoins(state->whoseTurn, state , 0);
        -:  386:
    #####:  387:  return 0;
        -:  388:}
        -:  389:
    #####:  390:int isGameOver(struct gameState *state) {
        -:  391:  int i;
        -:  392:  int j;
        -:  393:	
        -:  394:  //if stack of Province cards is empty, the game ends
    #####:  395:  if (state->supplyCount[province] == 0)
        -:  396:    {
    #####:  397:      return 1;
        -:  398:    }
        -:  399:
        -:  400:  //if three supply pile are at 0, the game ends
    #####:  401:  j = 0;
    #####:  402:  for (i = 0; i < 25; i++)
        -:  403:    {
    #####:  404:      if (state->supplyCount[i] == 0)
        -:  405:	{
    #####:  406:	  j++;
        -:  407:	}
        -:  408:    }
    #####:  409:  if ( j >= 3)
        -:  410:    {
    #####:  411:      return 1;
        -:  412:    }
        -:  413:
    #####:  414:  return 0;
        -:  415:}
        -:  416:
    #####:  417:int scoreFor (int player, struct gameState *state) {
        -:  418:
        -:  419:  int i;
    #####:  420:  int score = 0;
        -:  421:  //score from hand
    #####:  422:  for (i = 0; i < state->handCount[player]; i++)
        -:  423:    {
    #####:  424:      if (state->hand[player][i] == curse) { score = score - 1; };
    #####:  425:      if (state->hand[player][i] == estate) { score = score + 1; };
    #####:  426:      if (state->hand[player][i] == duchy) { score = score + 3; };
    #####:  427:      if (state->hand[player][i] == province) { score = score + 6; };
    #####:  428:      if (state->hand[player][i] == great_hall) { score = score + 1; };
    #####:  429:      if (state->hand[player][i] == gardens) { score = score + ( fullDeckCount(player, 0, state) / 10 ); };
        -:  430:    }
        -:  431:
        -:  432:  //score from discard
    #####:  433:  for (i = 0; i < state->discardCount[player]; i++)
        -:  434:    {
    #####:  435:      if (state->discard[player][i] == curse) { score = score - 1; };
    #####:  436:      if (state->discard[player][i] == estate) { score = score + 1; };
    #####:  437:      if (state->discard[player][i] == duchy) { score = score + 3; };
    #####:  438:      if (state->discard[player][i] == province) { score = score + 6; };
    #####:  439:      if (state->discard[player][i] == great_hall) { score = score + 1; };
    #####:  440:      if (state->discard[player][i] == gardens) { score = score + ( fullDeckCount(player, 0, state) / 10 ); };
        -:  441:    }
        -:  442:
        -:  443:  //score from deck
    #####:  444:  for (i = 0; i < state->discardCount[player]; i++)
        -:  445:    {
    #####:  446:      if (state->deck[player][i] == curse) { score = score - 1; };
    #####:  447:      if (state->deck[player][i] == estate) { score = score + 1; };
    #####:  448:      if (state->deck[player][i] == duchy) { score = score + 3; };
    #####:  449:      if (state->deck[player][i] == province) { score = score + 6; };
    #####:  450:      if (state->deck[player][i] == great_hall) { score = score + 1; };
    #####:  451:      if (state->deck[player][i] == gardens) { score = score + ( fullDeckCount(player, 0, state) / 10 ); };
        -:  452:    }
        -:  453:
    #####:  454:  return score;
        -:  455:}
        -:  456:
    #####:  457:int getWinners(int players[MAX_PLAYERS], struct gameState *state) {
        -:  458:  int i;	
        -:  459:  int j;
        -:  460:  int highScore;
        -:  461:  int currentPlayer;
        -:  462:
        -:  463:  //get score for each player
    #####:  464:  for (i = 0; i < MAX_PLAYERS; i++)
        -:  465:    {
        -:  466:      //set unused player scores to -9999
    #####:  467:      if (i >= state->numPlayers)
        -:  468:	{
    #####:  469:	  players[i] = -9999;
        -:  470:	}
        -:  471:      else
        -:  472:	{
    #####:  473:	  players[i] = scoreFor (i, state);
        -:  474:	}
        -:  475:    }
        -:  476:
        -:  477:  //find highest score
    #####:  478:  j = 0;
    #####:  479:  for (i = 0; i < MAX_PLAYERS; i++)
        -:  480:    {
    #####:  481:      if (players[i] > players[j])
        -:  482:	{
    #####:  483:	  j = i;
        -:  484:	}
        -:  485:    }
    #####:  486:  highScore = players[j];
        -:  487:
        -:  488:  //add 1 to players who had less turns
    #####:  489:  currentPlayer = whoseTurn(state);
    #####:  490:  for (i = 0; i < MAX_PLAYERS; i++)
        -:  491:    {
    #####:  492:      if ( players[i] == highScore && i > currentPlayer )
        -:  493:	{
    #####:  494:	  players[i]++;
        -:  495:	}
        -:  496:    }
        -:  497:
        -:  498:  //find new highest score
    #####:  499:  j = 0;
    #####:  500:  for (i = 0; i < MAX_PLAYERS; i++)
        -:  501:    {
    #####:  502:      if ( players[i] > players[j] )
        -:  503:	{
    #####:  504:	  j = i;
        -:  505:	}
        -:  506:    }
    #####:  507:  highScore = players[j];
        -:  508:
        -:  509:  //set winners in array to 1 and rest to 0
    #####:  510:  for (i = 0; i < MAX_PLAYERS; i++)
        -:  511:    {
    #####:  512:      if ( players[i] == highScore )
        -:  513:	{
    #####:  514:	  players[i] = 1;
        -:  515:	}
        -:  516:      else
        -:  517:	{
    #####:  518:	  players[i] = 0;
        -:  519:	}
        -:  520:    }
        -:  521:
    #####:  522:  return 0;
        -:  523:}
        -:  524:
       87:  525:int drawCard(int player, struct gameState *state)
        -:  526:{	int count;
        -:  527:  int deckCounter;
       87:  528:  if (state->deckCount[player] <= 0){//Deck is empty
        -:  529:    
        -:  530:    //Step 1 Shuffle the discard pile back into a deck
        -:  531:    int i;
        -:  532:    //Move discard to deck
    #####:  533:    for (i = 0; i < state->discardCount[player];i++){
    #####:  534:      state->deck[player][i] = state->discard[player][i];
    #####:  535:      state->discard[player][i] = -1;
        -:  536:    }
        -:  537:
    #####:  538:    state->deckCount[player] = state->discardCount[player];
    #####:  539:    state->discardCount[player] = 0;//Reset discard
        -:  540:
        -:  541:    //Shufffle the deck
    #####:  542:    shuffle(player, state);//Shuffle the deck up and make it so that we can draw
        -:  543:   
        -:  544:    if (DEBUG){//Debug statements
        -:  545:      printf("Deck count now: %d\n", state->deckCount[player]);
        -:  546:    }
        -:  547:    
    #####:  548:    state->discardCount[player] = 0;
        -:  549:
        -:  550:    //Step 2 Draw Card
    #####:  551:    count = state->handCount[player];//Get current player's hand count
        -:  552:    
        -:  553:    if (DEBUG){//Debug statements
        -:  554:      printf("Current hand count: %d\n", count);
        -:  555:    }
        -:  556:    
    #####:  557:    deckCounter = state->deckCount[player];//Create a holder for the deck count
        -:  558:
    #####:  559:    if (deckCounter == 0)
    #####:  560:      return -1;
        -:  561:
    #####:  562:    state->hand[player][count] = state->deck[player][deckCounter - 1];//Add card to hand
    #####:  563:    state->deckCount[player]--;
    #####:  564:    state->handCount[player]++;//Increment hand count
        -:  565:  }
        -:  566:
        -:  567:  else{
       87:  568:    int count = state->handCount[player];//Get current hand count for player
        -:  569:    int deckCounter;
        -:  570:    if (DEBUG){//Debug statements
        -:  571:      printf("Current hand count: %d\n", count);
        -:  572:    }
        -:  573:
       87:  574:    deckCounter = state->deckCount[player];//Create holder for the deck count
       87:  575:    state->hand[player][count] = state->deck[player][deckCounter - 1];//Add card to the hand
       87:  576:    state->deckCount[player]--;
       87:  577:    state->handCount[player]++;//Increment hand count
        -:  578:  }
        -:  579:
       87:  580:  return 0;
        -:  581:}
        -:  582:
    #####:  583:int getCost(int cardNumber)
        -:  584:{
    #####:  585:  switch( cardNumber ) 
        -:  586:    {
        -:  587:    case curse:
    #####:  588:      return 0;
        -:  589:    case estate:
    #####:  590:      return 2;
        -:  591:    case duchy:
    #####:  592:      return 5;
        -:  593:    case province:
    #####:  594:      return 8;
        -:  595:    case copper:
    #####:  596:      return 0;
        -:  597:    case silver:
    #####:  598:      return 3;
        -:  599:    case gold:
    #####:  600:      return 6;
        -:  601:    case adventurer:
    #####:  602:      return 6;
        -:  603:    case council_room:
    #####:  604:      return 5;
        -:  605:    case feast:
    #####:  606:      return 4;
        -:  607:    case gardens:
    #####:  608:      return 4;
        -:  609:    case mine:
    #####:  610:      return 5;
        -:  611:    case remodel:
    #####:  612:      return 4;
        -:  613:    case smithy:
    #####:  614:      return 4;
        -:  615:    case village:
    #####:  616:      return 3;
        -:  617:    case baron:
    #####:  618:      return 4;
        -:  619:    case great_hall:
    #####:  620:      return 3;
        -:  621:    case minion:
    #####:  622:      return 5;
        -:  623:    case steward:
    #####:  624:      return 3;
        -:  625:    case tribute:
    #####:  626:      return 5;
        -:  627:    case ambassador:
    #####:  628:      return 3;
        -:  629:    case cutpurse:
    #####:  630:      return 4;
        -:  631:    case embargo: 
    #####:  632:      return 2;
        -:  633:    case outpost:
    #####:  634:      return 5;
        -:  635:    case salvager:
    #####:  636:      return 4;
        -:  637:    case sea_hag:
    #####:  638:      return 4;
        -:  639:    case treasure_map:
    #####:  640:      return 4;
        -:  641:    }
        -:  642:	
    #####:  643:  return -1;
        -:  644:}
        -:  645:
        4:  646:int cardEffect(int card, int choice1, int choice2, int choice3, struct gameState *state, int handPos, int *bonus)
        -:  647:{
        -:  648:  int i;
        -:  649:  int j;
        -:  650:  int k;
        -:  651:  int x;
        -:  652:  int index;
        4:  653:  int currentPlayer = whoseTurn(state);
        4:  654:  int nextPlayer = currentPlayer + 1;
        -:  655:
        4:  656:  int tributeRevealedCards[2] = {-1, -1};
        -:  657:  int temphand[MAX_HAND];// moved above the if statement
        -:  658:  //int drawntreasure=0;
        -:  659: // int cardDrawn;
        -:  660: // int z = 0;// this is the counter for the temp hand
        4:  661:  if (nextPlayer > (state->numPlayers - 1)){
        1:  662:    nextPlayer = 0;
        -:  663:  }
        -:  664:
        -:  665:// Refactored adventurer function (By Kotaro 10/04/17)
        -:  666:// Contains a bug (search for keyword "bug")
        4:  667:int adventurer_card(int card, int choice1, int choice2, int choice3, struct gameState *state, int handPos, int *bonus) 
        -:  668:{
        4:  669:	int currentPlayer = whoseTurn(state);
        4:  670:	int nextPlayer = currentPlayer + 1;
        -:  671:
        -:  672:	int temphand[MAX_HAND];// moved above the if statement
        4:  673:	int drawntreasure=0;
        -:  674:	int cardDrawn;
        4:  675:	int z = 0;// this is the counter for the temp hand
        4:  676:	if (nextPlayer > (state->numPlayers - 1)){
        1:  677:	  nextPlayer = 0;
        -:  678:	}
       75:  679:    while(drawntreasure<2){
       67:  680:		if (state->deckCount[currentPlayer] <1){//if the deck is empty we need to shuffle discard and add to deck
    #####:  681:		  shuffle(currentPlayer, state);
        -:  682:		}
       67:  683:		drawCard(currentPlayer, state);
       67:  684:		cardDrawn = state->hand[currentPlayer][state->handCount[currentPlayer]-1];//top card of hand is most recently drawn card.
       67:  685:		if (cardDrawn == copper || cardDrawn == silver || cardDrawn == gold)
        8:  686:		  drawntreasure++;
        -:  687:		else{
       59:  688:		  temphand[z]=cardDrawn+1; // before: temphand[z]=cardDrawn		bug: temphand[z]=cardDrawn+1
       59:  689:		  state->handCount[currentPlayer]--; //this should just remove the top card (the most recently drawn one).
       59:  690:		  z++;
        -:  691:		}
        -:  692:		  }
       67:  693:		  while(z-1>=0){
       59:  694:		state->discard[currentPlayer][state->discardCount[currentPlayer]++]=temphand[z-1]; // discard all cards in play that have been drawn
       59:  695:		z=z-1;
        -:  696:    }
        4:  697:      return 0;
        -:  698:}
        -:  699:
        -:  700:// Refactored smithy function (By Kotaro 10/04/17)
        -:  701:// Contains a bug (search for keyword "bug")
    #####:  702:int smithy_card(int card, int choice1, int choice2, int choice3, struct gameState *state, int handPos, int *bonus) 
        -:  703:{
        -:  704:	int i;
    #####:  705:	int currentPlayer = whoseTurn(state);
    #####:  706:	currentPlayer = currentPlayer + 1;
        -:  707:
        -:  708:    //+3 Cards
    #####:  709:    for (i = 0; i > 3; i++) // before: i < 3	bug: i > 3
        -:  710:	{
    #####:  711:	  drawCard(currentPlayer, state);
        -:  712:	}
        -:  713:			
        -:  714:      //discard card from hand
    #####:  715:      discardCard(handPos, currentPlayer, state, 0);
    #####:  716:      return 0;
        -:  717:}
        -:  718:
        -:  719:// Refactored village function (By Kotaro 10/04/17)
        -:  720:// Contains a bug (search for keyword "bug")
    #####:  721:int village_card(int card, int choice1, int choice2, int choice3, struct gameState *state, int handPos, int *bonus) 
        -:  722:{
    #####:  723:  int currentPlayer = whoseTurn(state);
        -:  724:
        -:  725:      //+1 Card
    #####:  726:      drawCard(currentPlayer, state);
        -:  727:			
        -:  728:      //+2 Actions
    #####:  729:      state->numActions = state->numActions + 2;
        -:  730:			
        -:  731:      //discard played card from hand
    #####:  732:      discardCard(handPos, currentPlayer, state, 0);
    #####:  733:      return -1; // before: return 0	bug: return -1
        -:  734:}
        -:  735:
        -:  736:// Refactored mine function (By Kotaro 10/04/17)
        -:  737:// Contains a bug (search for keyword "bug")
        -:  738:
    #####:  739:int mine_card(int card, int choice1, int choice2, int choice3, struct gameState *state, int handPos, int *bonus) 
        -:  740:{
        -:  741:	int i;
        -:  742:	int j;
    #####:  743:	int currentPlayer = whoseTurn(state);
        -:  744:
    #####:  745:      j = state->hand[currentPlayer][choice1];  //store card we will trash
        -:  746:
    #####:  747:      if (state->hand[currentPlayer][choice1] < copper || state->hand[currentPlayer][choice1] > gold)
        -:  748:	{
    #####:  749:	  return -1;
        -:  750:	}
        -:  751:		
    #####:  752:      if (choice2 > treasure_map && choice2 < curse) // before: ||		bug: &&
        -:  753:	{
    #####:  754:	  return -1;
        -:  755:	}
        -:  756:
    #####:  757:      if ( (getCost(state->hand[currentPlayer][choice1]) + 3) > getCost(choice2) )
        -:  758:	{
    #####:  759:	  return -1;
        -:  760:	}
        -:  761:
    #####:  762:      gainCard(choice2, state, 2, currentPlayer);
        -:  763:
        -:  764:      //discard card from hand
    #####:  765:      discardCard(handPos, currentPlayer, state, 0);
        -:  766:
        -:  767:      //discard trashed card
    #####:  768:      for (i = 0; i < state->handCount[currentPlayer]; i++)
        -:  769:	{
    #####:  770:	  if (state->hand[currentPlayer][i] == j)
        -:  771:	    {
    #####:  772:	      discardCard(i, currentPlayer, state, 0);			
    #####:  773:	      break;
        -:  774:	    }
        -:  775:	}
        -:  776:			
    #####:  777:      return 0;
        -:  778:}
        -:  779:
        -:  780:// Refactored remodel function (By Kotaro 10/04/17)
    #####:  781:int remodel_card(int card, int choice1, int choice2, int choice3, struct gameState *state, int handPos, int *bonus) 
        -:  782:{
        -:  783:	int i;
        -:  784:	int j;
    #####:  785:	int currentPlayer = whoseTurn(state);
        -:  786:
    #####:  787:      j = state->hand[currentPlayer][choice1];  //store card we will trash
        -:  788:
    #####:  789:      if ( (getCost(state->hand[currentPlayer][choice1]) + 2) > getCost(choice2) )
        -:  790:	{
    #####:  791:	  return -1;
        -:  792:	}
        -:  793:
    #####:  794:      gainCard(choice2, state, 0, currentPlayer);
        -:  795:
        -:  796:      //discard card from hand
    #####:  797:      discardCard(handPos, currentPlayer, state, 0);
        -:  798:
        -:  799:      //discard trashed card
    #####:  800:      for (i = 0; i < state->handCount[currentPlayer]; i++)
        -:  801:	{
    #####:  802:	  if (state->hand[currentPlayer][i] == j)
        -:  803:	    {
    #####:  804:	      discardCard(i, currentPlayer, state, 0);			
    #####:  805:	      break; 
        -:  806:	    }
        -:  807:	}
        -:  808:
        -:  809:
    #####:  810:      return 0;
        -:  811:}
        -:  812:	
        -:  813:  //uses switch to select card and perform actions
        4:  814:  switch( card ) 
        -:  815:    {
        -:  816:    case adventurer:
        -:  817:		// Refactored
        4:  818:		return adventurer_card(card, choice1, choice2, choice3, state, handPos, bonus);
        -:  819:			
        -:  820:    case council_room:
        -:  821:      //+4 Cards
    #####:  822:      for (i = 0; i < 4; i++)
        -:  823:	{
    #####:  824:	  drawCard(currentPlayer, state);
        -:  825:	}
        -:  826:			
        -:  827:      //+1 Buy
    #####:  828:      state->numBuys++;
        -:  829:			
        -:  830:      //Each other player draws a card
    #####:  831:      for (i = 0; i < state->numPlayers; i++)
        -:  832:	{
    #####:  833:	  if ( i != currentPlayer )
        -:  834:	    {
    #####:  835:	      drawCard(i, state);
        -:  836:	    }
        -:  837:	}
        -:  838:			
        -:  839:      //put played card in played card pile
    #####:  840:      discardCard(handPos, currentPlayer, state, 0);
        -:  841:			
    #####:  842:      return 0;
        -:  843:			
        -:  844:    case feast:
        -:  845:      //gain card with cost up to 5
        -:  846:      //Backup hand
    #####:  847:      for (i = 0; i <= state->handCount[currentPlayer]; i++){
    #####:  848:	temphand[i] = state->hand[currentPlayer][i];//Backup card
    #####:  849:	state->hand[currentPlayer][i] = -1;//Set to nothing
        -:  850:      }
        -:  851:      //Backup hand
        -:  852:
        -:  853:      //Update Coins for Buy
    #####:  854:      updateCoins(currentPlayer, state, 5);
    #####:  855:      x = 1;//Condition to loop on
    #####:  856:      while( x == 1) {//Buy one card
    #####:  857:	if (supplyCount(choice1, state) <= 0){
        -:  858:	  if (DEBUG)
        -:  859:	    printf("None of that card left, sorry!\n");
        -:  860:
        -:  861:	  if (DEBUG){
        -:  862:	    printf("Cards Left: %d\n", supplyCount(choice1, state));
        -:  863:	  }
        -:  864:	}
    #####:  865:	else if (state->coins < getCost(choice1)){
    #####:  866:	  printf("That card is too expensive!\n");
        -:  867:
        -:  868:	  if (DEBUG){
        -:  869:	    printf("Coins: %d < %d\n", state->coins, getCost(choice1));
        -:  870:	  }
        -:  871:	}
        -:  872:	else{
        -:  873:
        -:  874:	  if (DEBUG){
        -:  875:	    printf("Deck Count: %d\n", state->handCount[currentPlayer] + state->deckCount[currentPlayer] + state->discardCount[currentPlayer]);
        -:  876:	  }
        -:  877:
    #####:  878:	  gainCard(choice1, state, 0, currentPlayer);//Gain the card
    #####:  879:	  x = 0;//No more buying cards
        -:  880:
        -:  881:	  if (DEBUG){
        -:  882:	    printf("Deck Count: %d\n", state->handCount[currentPlayer] + state->deckCount[currentPlayer] + state->discardCount[currentPlayer]);
        -:  883:	  }
        -:  884:
        -:  885:	}
        -:  886:      }     
        -:  887:
        -:  888:      //Reset Hand
    #####:  889:      for (i = 0; i <= state->handCount[currentPlayer]; i++){
    #####:  890:	state->hand[currentPlayer][i] = temphand[i];
    #####:  891:	temphand[i] = -1;
        -:  892:      }
        -:  893:      //Reset Hand
        -:  894:      			
    #####:  895:      return 0;
        -:  896:			
        -:  897:    case gardens:
    #####:  898:      return -1;
        -:  899:			
        -:  900:    case mine:
        -:  901:		// Refactored
    #####:  902:		return mine_card(card, choice1, choice2, choice3, state, handPos, bonus);
        -:  903:			
        -:  904:    case remodel:
        -:  905:		// Refactored
    #####:  906:		return remodel_card(card, choice1, choice2, choice3, state, handPos, bonus);
        -:  907:		
        -:  908:    case smithy:
        -:  909:		// Refactored
    #####:  910:		return smithy_card(card, choice1, choice2, choice3, state, handPos, bonus);
        -:  911:		
        -:  912:    case village:
        -:  913:		// Refactored
    #####:  914:		return village_card(card, choice1, choice2, choice3, state, handPos, bonus);
        -:  915:		
        -:  916:    case baron:
    #####:  917:      state->numBuys++;//Increase buys by 1!
    #####:  918:      if (choice1 > 0){//Boolean true or going to discard an estate
    #####:  919:	int p = 0;//Iterator for hand!
    #####:  920:	int card_not_discarded = 1;//Flag for discard set!
    #####:  921:	while(card_not_discarded){
    #####:  922:	  if (state->hand[currentPlayer][p] == estate){//Found an estate card!
    #####:  923:	    state->coins += 4;//Add 4 coins to the amount of coins
    #####:  924:	    state->discard[currentPlayer][state->discardCount[currentPlayer]] = state->hand[currentPlayer][p];
    #####:  925:	    state->discardCount[currentPlayer]++;
    #####:  926:	    for (;p < state->handCount[currentPlayer]; p++){
    #####:  927:	      state->hand[currentPlayer][p] = state->hand[currentPlayer][p+1];
        -:  928:	    }
    #####:  929:	    state->hand[currentPlayer][state->handCount[currentPlayer]] = -1;
    #####:  930:	    state->handCount[currentPlayer]--;
    #####:  931:	    card_not_discarded = 0;//Exit the loop
        -:  932:	  }
    #####:  933:	  else if (p > state->handCount[currentPlayer]){
        -:  934:	    if(DEBUG) {
        -:  935:	      printf("No estate cards in your hand, invalid choice\n");
        -:  936:	      printf("Must gain an estate if there are any\n");
        -:  937:	    }
    #####:  938:	    if (supplyCount(estate, state) > 0){
    #####:  939:	      gainCard(estate, state, 0, currentPlayer);
    #####:  940:	      state->supplyCount[estate]--;//Decrement estates
    #####:  941:	      if (supplyCount(estate, state) == 0){
    #####:  942:		isGameOver(state);
        -:  943:	      }
        -:  944:	    }
    #####:  945:	    card_not_discarded = 0;//Exit the loop
        -:  946:	  }
        -:  947:			    
        -:  948:	  else{
    #####:  949:	    p++;//Next card
        -:  950:	  }
        -:  951:	}
        -:  952:      }
        -:  953:			    
        -:  954:      else{
    #####:  955:	if (supplyCount(estate, state) > 0){
    #####:  956:	  gainCard(estate, state, 0, currentPlayer);//Gain an estate
    #####:  957:	  state->supplyCount[estate]--;//Decrement Estates
    #####:  958:	  if (supplyCount(estate, state) == 0){
    #####:  959:	    isGameOver(state);
        -:  960:	  }
        -:  961:	}
        -:  962:      }
        -:  963:	    
        -:  964:      
    #####:  965:      return 0;
        -:  966:		
        -:  967:    case great_hall:
        -:  968:      //+1 Card
    #####:  969:      drawCard(currentPlayer, state);
        -:  970:			
        -:  971:      //+1 Actions
    #####:  972:      state->numActions++;
        -:  973:			
        -:  974:      //discard card from hand
    #####:  975:      discardCard(handPos, currentPlayer, state, 0);
    #####:  976:      return 0;
        -:  977:		
        -:  978:    case minion:
        -:  979:      //+1 action
    #####:  980:      state->numActions++;
        -:  981:			
        -:  982:      //discard card from hand
    #####:  983:      discardCard(handPos, currentPlayer, state, 0);
        -:  984:			
    #####:  985:      if (choice1)		//+2 coins
        -:  986:	{
    #####:  987:	  state->coins = state->coins + 2;
        -:  988:	}
        -:  989:			
    #####:  990:      else if (choice2)		//discard hand, redraw 4, other players with 5+ cards discard hand and draw 4
        -:  991:	{
        -:  992:	  //discard hand
    #####:  993:	  while(numHandCards(state) > 0)
        -:  994:	    {
    #####:  995:	      discardCard(handPos, currentPlayer, state, 0);
        -:  996:	    }
        -:  997:				
        -:  998:	  //draw 4
    #####:  999:	  for (i = 0; i < 4; i++)
        -: 1000:	    {
    #####: 1001:	      drawCard(currentPlayer, state);
        -: 1002:	    }
        -: 1003:				
        -: 1004:	  //other players discard hand and redraw if hand size > 4
    #####: 1005:	  for (i = 0; i < state->numPlayers; i++)
        -: 1006:	    {
    #####: 1007:	      if (i != currentPlayer)
        -: 1008:		{
    #####: 1009:		  if ( state->handCount[i] > 4 )
        -: 1010:		    {
        -: 1011:		      //discard hand
    #####: 1012:		      while( state->handCount[i] > 0 )
        -: 1013:			{
    #####: 1014:			  discardCard(handPos, i, state, 0);
        -: 1015:			}
        -: 1016:							
        -: 1017:		      //draw 4
    #####: 1018:		      for (j = 0; j < 4; j++)
        -: 1019:			{
    #####: 1020:			  drawCard(i, state);
        -: 1021:			}
        -: 1022:		    }
        -: 1023:		}
        -: 1024:	    }
        -: 1025:				
        -: 1026:	}
    #####: 1027:      return 0;
        -: 1028:		
        -: 1029:    case steward:
    #####: 1030:      if (choice1 == 1)
        -: 1031:	{
        -: 1032:	  //+2 cards
    #####: 1033:	  drawCard(currentPlayer, state);
    #####: 1034:	  drawCard(currentPlayer, state);
        -: 1035:	}
    #####: 1036:      else if (choice1 == 2)
        -: 1037:	{
        -: 1038:	  //+2 coins
    #####: 1039:	  state->coins = state->coins + 2;
        -: 1040:	}
        -: 1041:      else
        -: 1042:	{
        -: 1043:	  //trash 2 cards in hand
    #####: 1044:	  discardCard(choice2, currentPlayer, state, 1);
    #####: 1045:	  discardCard(choice3, currentPlayer, state, 1);
        -: 1046:	}
        -: 1047:			
        -: 1048:      //discard card from hand
    #####: 1049:      discardCard(handPos, currentPlayer, state, 0);
    #####: 1050:      return 0;
        -: 1051:		
        -: 1052:    case tribute:
    #####: 1053:      if ((state->discardCount[nextPlayer] + state->deckCount[nextPlayer]) <= 1){
    #####: 1054:	if (state->deckCount[nextPlayer] > 0){
    #####: 1055:	  tributeRevealedCards[0] = state->deck[nextPlayer][state->deckCount[nextPlayer]-1];
    #####: 1056:	  state->deckCount[nextPlayer]--;
        -: 1057:	}
    #####: 1058:	else if (state->discardCount[nextPlayer] > 0){
    #####: 1059:	  tributeRevealedCards[0] = state->discard[nextPlayer][state->discardCount[nextPlayer]-1];
    #####: 1060:	  state->discardCount[nextPlayer]--;
        -: 1061:	}
        -: 1062:	else{
        -: 1063:	  //No Card to Reveal
        -: 1064:	  if (DEBUG){
        -: 1065:	    printf("No cards to reveal\n");
        -: 1066:	  }
        -: 1067:	}
        -: 1068:      }
        -: 1069:	    
        -: 1070:      else{
    #####: 1071:	if (state->deckCount[nextPlayer] == 0){
    #####: 1072:	  for (i = 0; i < state->discardCount[nextPlayer]; i++){
    #####: 1073:	    state->deck[nextPlayer][i] = state->discard[nextPlayer][i];//Move to deck
    #####: 1074:	    state->deckCount[nextPlayer]++;
    #####: 1075:	    state->discard[nextPlayer][i] = -1;
    #####: 1076:	    state->discardCount[nextPlayer]--;
        -: 1077:	  }
        -: 1078:			    
    #####: 1079:	  shuffle(nextPlayer,state);//Shuffle the deck
        -: 1080:	} 
    #####: 1081:	tributeRevealedCards[0] = state->deck[nextPlayer][state->deckCount[nextPlayer]-1];
    #####: 1082:	state->deck[nextPlayer][state->deckCount[nextPlayer]--] = -1;
    #####: 1083:	state->deckCount[nextPlayer]--;
    #####: 1084:	tributeRevealedCards[1] = state->deck[nextPlayer][state->deckCount[nextPlayer]-1];
    #####: 1085:	state->deck[nextPlayer][state->deckCount[nextPlayer]--] = -1;
    #####: 1086:	state->deckCount[nextPlayer]--;
        -: 1087:      }    
        -: 1088:		       
    #####: 1089:      if (tributeRevealedCards[0] == tributeRevealedCards[1]){//If we have a duplicate card, just drop one 
    #####: 1090:	state->playedCards[state->playedCardCount] = tributeRevealedCards[1];
    #####: 1091:	state->playedCardCount++;
    #####: 1092:	tributeRevealedCards[1] = -1;
        -: 1093:      }
        -: 1094:
    #####: 1095:      for (i = 0; i <= 2; i ++){
    #####: 1096:	if (tributeRevealedCards[i] == copper || tributeRevealedCards[i] == silver || tributeRevealedCards[i] == gold){//Treasure cards
    #####: 1097:	  state->coins += 2;
        -: 1098:	}
        -: 1099:		    
    #####: 1100:	else if (tributeRevealedCards[i] == estate || tributeRevealedCards[i] == duchy || tributeRevealedCards[i] == province || tributeRevealedCards[i] == gardens || tributeRevealedCards[i] == great_hall){//Victory Card Found
    #####: 1101:	  drawCard(currentPlayer, state);
    #####: 1102:	  drawCard(currentPlayer, state);
        -: 1103:	}
        -: 1104:	else{//Action Card
    #####: 1105:	  state->numActions = state->numActions + 2;
        -: 1106:	}
        -: 1107:      }
        -: 1108:	    
    #####: 1109:      return 0;
        -: 1110:		
        -: 1111:    case ambassador:
    #####: 1112:      j = 0;		//used to check if player has enough cards to discard
        -: 1113:
    #####: 1114:      if (choice2 > 2 || choice2 < 0)
        -: 1115:	{
    #####: 1116:	  return -1;				
        -: 1117:	}
        -: 1118:
    #####: 1119:      if (choice1 == handPos)
        -: 1120:	{
    #####: 1121:	  return -1;
        -: 1122:	}
        -: 1123:
    #####: 1124:      for (i = 0; i < state->handCount[currentPlayer]; i++)
        -: 1125:	{
    #####: 1126:	  if (i != handPos && i == state->hand[currentPlayer][choice1] && i != choice1)
        -: 1127:	    {
    #####: 1128:	      j++;
        -: 1129:	    }
        -: 1130:	}
    #####: 1131:      if (j < choice2)
        -: 1132:	{
    #####: 1133:	  return -1;				
        -: 1134:	}
        -: 1135:
        -: 1136:      if (DEBUG) 
        -: 1137:	printf("Player %d reveals card number: %d\n", currentPlayer, state->hand[currentPlayer][choice1]);
        -: 1138:
        -: 1139:      //increase supply count for choosen card by amount being discarded
    #####: 1140:      state->supplyCount[state->hand[currentPlayer][choice1]] += choice2;
        -: 1141:			
        -: 1142:      //each other player gains a copy of revealed card
    #####: 1143:      for (i = 0; i < state->numPlayers; i++)
        -: 1144:	{
    #####: 1145:	  if (i != currentPlayer)
        -: 1146:	    {
    #####: 1147:	      gainCard(state->hand[currentPlayer][choice1], state, 0, i);
        -: 1148:	    }
        -: 1149:	}
        -: 1150:
        -: 1151:      //discard played card from hand
    #####: 1152:      discardCard(handPos, currentPlayer, state, 0);			
        -: 1153:
        -: 1154:      //trash copies of cards returned to supply
    #####: 1155:      for (j = 0; j < choice2; j++)
        -: 1156:	{
    #####: 1157:	  for (i = 0; i < state->handCount[currentPlayer]; i++)
        -: 1158:	    {
    #####: 1159:	      if (state->hand[currentPlayer][i] == state->hand[currentPlayer][choice1])
        -: 1160:		{
    #####: 1161:		  discardCard(i, currentPlayer, state, 1);
    #####: 1162:		  break;
        -: 1163:		}
        -: 1164:	    }
        -: 1165:	}			
        -: 1166:
    #####: 1167:      return 0;
        -: 1168:		
        -: 1169:    case cutpurse:
        -: 1170:
    #####: 1171:      updateCoins(currentPlayer, state, 2);
    #####: 1172:      for (i = 0; i < state->numPlayers; i++)
        -: 1173:	{
    #####: 1174:	  if (i != currentPlayer)
        -: 1175:	    {
    #####: 1176:	      for (j = 0; j < state->handCount[i]; j++)
        -: 1177:		{
    #####: 1178:		  if (state->hand[i][j] == copper)
        -: 1179:		    {
    #####: 1180:		      discardCard(j, i, state, 0);
    #####: 1181:		      break;
        -: 1182:		    }
    #####: 1183:		  if (j == state->handCount[i])
        -: 1184:		    {
    #####: 1185:		      for (k = 0; k < state->handCount[i]; k++)
        -: 1186:			{
        -: 1187:			  if (DEBUG)
        -: 1188:			    printf("Player %d reveals card number %d\n", i, state->hand[i][k]);
        -: 1189:			}	
    #####: 1190:		      break;
        -: 1191:		    }		
        -: 1192:		}
        -: 1193:					
        -: 1194:	    }
        -: 1195:				
        -: 1196:	}				
        -: 1197:
        -: 1198:      //discard played card from hand
    #####: 1199:      discardCard(handPos, currentPlayer, state, 0);			
        -: 1200:
    #####: 1201:      return 0;
        -: 1202:
        -: 1203:		
        -: 1204:    case embargo: 
        -: 1205:      //+2 Coins
    #####: 1206:      state->coins = state->coins + 2;
        -: 1207:			
        -: 1208:      //see if selected pile is in play
    #####: 1209:      if ( state->supplyCount[choice1] == -1 )
        -: 1210:	{
    #####: 1211:	  return -1;
        -: 1212:	}
        -: 1213:			
        -: 1214:      //add embargo token to selected supply pile
    #####: 1215:      state->embargoTokens[choice1]++;
        -: 1216:			
        -: 1217:      //trash card
    #####: 1218:      discardCard(handPos, currentPlayer, state, 1);		
    #####: 1219:      return 0;
        -: 1220:		
        -: 1221:    case outpost:
        -: 1222:      //set outpost flag
    #####: 1223:      state->outpostPlayed++;
        -: 1224:			
        -: 1225:      //discard card
    #####: 1226:      discardCard(handPos, currentPlayer, state, 0);
    #####: 1227:      return 0;
        -: 1228:		
        -: 1229:    case salvager:
        -: 1230:      //+1 buy
    #####: 1231:      state->numBuys++;
        -: 1232:			
    #####: 1233:      if (choice1)
        -: 1234:	{
        -: 1235:	  //gain coins equal to trashed card
    #####: 1236:	  state->coins = state->coins + getCost( handCard(choice1, state) );
        -: 1237:	  //trash card
    #####: 1238:	  discardCard(choice1, currentPlayer, state, 1);	
        -: 1239:	}
        -: 1240:			
        -: 1241:      //discard card
    #####: 1242:      discardCard(handPos, currentPlayer, state, 0);
    #####: 1243:      return 0;
        -: 1244:		
        -: 1245:    case sea_hag:
    #####: 1246:      for (i = 0; i < state->numPlayers; i++){
    #####: 1247:	if (i != currentPlayer){
    #####: 1248:	  state->discard[i][state->discardCount[i]] = state->deck[i][state->deckCount[i]--];			    state->deckCount[i]--;
    #####: 1249:	  state->discardCount[i]++;
    #####: 1250:	  state->deck[i][state->deckCount[i]--] = curse;//Top card now a curse
        -: 1251:	}
        -: 1252:      }
    #####: 1253:      return 0;
        -: 1254:		
        -: 1255:    case treasure_map:
        -: 1256:      //search hand for another treasure_map
    #####: 1257:      index = -1;
    #####: 1258:      for (i = 0; i < state->handCount[currentPlayer]; i++)
        -: 1259:	{
    #####: 1260:	  if (state->hand[currentPlayer][i] == treasure_map && i != handPos)
        -: 1261:	    {
    #####: 1262:	      index = i;
    #####: 1263:	      break;
        -: 1264:	    }
        -: 1265:	}
    #####: 1266:      if (index > -1)
        -: 1267:	{
        -: 1268:	  //trash both treasure cards
    #####: 1269:	  discardCard(handPos, currentPlayer, state, 1);
    #####: 1270:	  discardCard(index, currentPlayer, state, 1);
        -: 1271:
        -: 1272:	  //gain 4 Gold cards
    #####: 1273:	  for (i = 0; i < 4; i++)
        -: 1274:	    {
    #####: 1275:	      gainCard(gold, state, 1, currentPlayer);
        -: 1276:	    }
        -: 1277:				
        -: 1278:	  //return success
    #####: 1279:	  return 1;
        -: 1280:	}
        -: 1281:			
        -: 1282:      //no second treasure_map found in hand
    #####: 1283:      return -1;
        -: 1284:    }
        -: 1285:	
    #####: 1286:  return -1;
        -: 1287:}
        -: 1288:
    #####: 1289:int discardCard(int handPos, int currentPlayer, struct gameState *state, int trashFlag)
        -: 1290:{
        -: 1291:	
        -: 1292:  //if card is not trashed, added to Played pile 
    #####: 1293:  if (trashFlag < 1)
        -: 1294:    {
        -: 1295:      //add card to played pile
    #####: 1296:      state->playedCards[state->playedCardCount] = state->hand[currentPlayer][handPos]; 
    #####: 1297:      state->playedCardCount++;
        -: 1298:    }
        -: 1299:	
        -: 1300:  //set played card to -1
    #####: 1301:  state->hand[currentPlayer][handPos] = -1;
        -: 1302:	
        -: 1303:  //remove card from player's hand
    #####: 1304:  if ( handPos == (state->handCount[currentPlayer] - 1) ) 	//last card in hand array is played
        -: 1305:    {
        -: 1306:      //reduce number of cards in hand
    #####: 1307:      state->handCount[currentPlayer]--;
        -: 1308:    }
    #####: 1309:  else if ( state->handCount[currentPlayer] == 1 ) //only one card in hand
        -: 1310:    {
        -: 1311:      //reduce number of cards in hand
    #####: 1312:      state->handCount[currentPlayer]--;
        -: 1313:    }
        -: 1314:  else 	
        -: 1315:    {
        -: 1316:      //replace discarded card with last card in hand
    #####: 1317:      state->hand[currentPlayer][handPos] = state->hand[currentPlayer][ (state->handCount[currentPlayer] - 1)];
        -: 1318:      //set last card to -1
    #####: 1319:      state->hand[currentPlayer][state->handCount[currentPlayer] - 1] = -1;
        -: 1320:      //reduce number of cards in hand
    #####: 1321:      state->handCount[currentPlayer]--;
        -: 1322:    }
        -: 1323:	
    #####: 1324:  return 0;
        -: 1325:}
        -: 1326:
    #####: 1327:int gainCard(int supplyPos, struct gameState *state, int toFlag, int player)
        -: 1328:{
        -: 1329:  //Note: supplyPos is enum of choosen card
        -: 1330:	
        -: 1331:  //check if supply pile is empty (0) or card is not used in game (-1)
    #####: 1332:  if ( supplyCount(supplyPos, state) < 1 )
        -: 1333:    {
    #####: 1334:      return -1;
        -: 1335:    }
        -: 1336:	
        -: 1337:  //added card for [whoseTurn] current player:
        -: 1338:  // toFlag = 0 : add to discard
        -: 1339:  // toFlag = 1 : add to deck
        -: 1340:  // toFlag = 2 : add to hand
        -: 1341:
    #####: 1342:  if (toFlag == 1)
        -: 1343:    {
    #####: 1344:      state->deck[ player ][ state->deckCount[player] ] = supplyPos;
    #####: 1345:      state->deckCount[player]++;
        -: 1346:    }
    #####: 1347:  else if (toFlag == 2)
        -: 1348:    {
    #####: 1349:      state->hand[ player ][ state->handCount[player] ] = supplyPos;
    #####: 1350:      state->handCount[player]++;
        -: 1351:    }
        -: 1352:  else
        -: 1353:    {
    #####: 1354:      state->discard[player][ state->discardCount[player] ] = supplyPos;
    #####: 1355:      state->discardCount[player]++;
        -: 1356:    }
        -: 1357:	
        -: 1358:  //decrease number in supply pile
    #####: 1359:  state->supplyCount[supplyPos]--;
        -: 1360:	 
    #####: 1361:  return 0;
        -: 1362:}
        -: 1363:
        8: 1364:int updateCoins(int player, struct gameState *state, int bonus)
        -: 1365:{
        -: 1366:  int i;
        -: 1367:	
        -: 1368:  //reset coin count
        8: 1369:  state->coins = 0;
        -: 1370:
        -: 1371:  //add coins for each Treasure card in player's hand
       56: 1372:  for (i = 0; i < state->handCount[player]; i++)
        -: 1373:    {
       48: 1374:      if (state->hand[player][i] == copper)
        -: 1375:	{
       17: 1376:	  state->coins += 1;
        -: 1377:	}
       31: 1378:      else if (state->hand[player][i] == silver)
        -: 1379:	{
        3: 1380:	  state->coins += 2;
        -: 1381:	}
       28: 1382:      else if (state->hand[player][i] == gold)
        -: 1383:	{
        3: 1384:	  state->coins += 3;
        -: 1385:	}	
        -: 1386:    }	
        -: 1387:
        -: 1388:  //add bonus
        8: 1389:  state->coins += bonus;
        -: 1390:
        8: 1391:  return 0;
        -: 1392:}
        -: 1393:
        -: 1394://end of dominion.c
