        -:    0:Source:unittest1.c
        -:    0:Programs:9
        -:    1:/// Jessica Calnan
        -:    2:/// CS 362 Fall 2017
        -:    3:/// Assignment 3 Due 10/22/17
        -:    4:/// Unit Test: Is Game Over
        -:    5:
        -:    6:#include "dominion.h"
        -:    7:#include "dominion_helpers.h"
        -:    8:#include "rngs.h"
        -:    9:#include <string.h>
        -:   10:#include <stdio.h>
        -:   11:#include <math.h>
        -:   12:#include <stdlib.h>
        -:   13:#include <assert.h>
        -:   14:
function main called 2 returned 100% blocks executed 82%
        2:   15:int main(int argc, char** argv) //argument count and num arguments passed to function
        -:   16:{
        -:   17:	struct gameState GS;
        2:   18:	int c[10] = { sea_hag, tribute, smithy, village, minion, mine, adventurer, gardens, embargo, cutpurse }; //cards
        2:   19:	int n = initializeGame(2, c, 3, &GS);
call    0 returned 100%
        -:   20:	
        2:   21:	printf("\nBegin Testing: Is Game Over\n"); //message that testing has begun
call    0 returned 100%
        -:   22:
        2:   23:	int i = isGameOver(&GS); //did the test pass?
call    0 returned 100%
        2:   24:	assert(i == 0);
branch  0 taken 0% (fallthrough)
branch  1 taken 100%
call    2 never executed
        2:   25:	printf("\n Pass \n");
call    0 returned 100%
        -:   26:
        2:   27:	printf("\nEnd of Test: Is Game Over\n"); //message that testing has ended
call    0 returned 100%
        -:   28:	
        2:   29:	assert(n == 0);
branch  0 taken 0% (fallthrough)
branch  1 taken 100%
call    2 never executed
        2:   30:	return 0; //exit
        -:   31:} 
