        -:    0:Source:unittest3.c
        -:    0:Graph:unittest3.gcno
        -:    0:Data:unittest3.gcda
        -:    0:Runs:1
        -:    0:Programs:1
        -:    1:/// Jessica Calnan
        -:    2:/// CS 362 Fall 2017
        -:    3:/// Assignment 3 Due 10/22/17
        -:    4:/// Unit Test: Whose Turn
        -:    5:
        -:    6:#include "dominion.h"
        -:    7:#include "dominion_helpers.h"
        -:    8:#include "rngs.h"
        -:    9:#include <string.h>
        -:   10:#include <stdio.h>
        -:   11:#include <math.h>
        -:   12:#include <stdlib.h>
        -:   13:#include <assert.h>
        -:   14:	
        1:   15:int main (int argc, char** argv)	//argument count and num arguments passed to function
        -:   16:{
        -:   17:    struct gameState GS;
        -:   18:    int n;
        1:   19:	int c[10] = {sea_hag, tribute, smithy, village, minion, mine, adventurer, gardens, embargo, cutpurse}; //cards
        -:   20:	
        1:   21:	printf ("\nStart Test: Whose Turn\n"); //message that testing has begun
        -:   22:	
        1:   23:	printf("\nTest Pass Expected: 3 times\n"); //loop through 3 times and expecting 3 passes
        -:   24:	
        4:   25:    for (int i = 2 ; i < 5 ; ++i)	{
        3:   26:        n = initializeGame(2, c, 5, &GS);
        3:   27:        n = whoseTurn(&GS);
        3:   28:        assert(n == GS.whoseTurn);
        3:   29:		printf("\nPass\n");		
        -:   30:	}
        -:   31:
        1:   32:	printf("\nEnd of Test: Whose Turn\n"); //message that testing has ended
        -:   33:
        1:   34:	return 0; //exit
        -:   35:} 
