        -:    0:Source:unittest4.c
        -:    0:Programs:4
        -:    1:/// Jessica Calnan
        -:    2:/// CS 362 Fall 2017
        -:    3:/// Assignment 3 Due 10/22/17
        -:    4:/// Unit Test: Buy Card
        -:    5:
        -:    6:#include "dominion.h"
        -:    7:#include "dominion_helpers.h"
        -:    8:#include "rngs.h"
        -:    9:#include <string.h>
        -:   10:#include <stdio.h>
        -:   11:#include <math.h>
        -:   12:#include <stdlib.h>
        -:   13:#include <assert.h>
        -:   14:
        -:   15:
function main called 2 returned 100% blocks executed 83%
        2:   16:int main (int argc, char** argv) //argument count and num arguments passed to function	
        -:   17:{
        -:   18:	struct gameState GS;
        2:   19:	printf("\nStart Test: Buy Card\n"); //message that testing has begun
call    0 returned 100%
        -:   20:	
        2:   21:	GS.numBuys = 2;
        2:   22:	GS.coins = 2;
        2:   23:	printf("Need more coins to test\n");
call    0 returned 100%
        2:   24: 	int test = buyCard(2, &GS);
call    0 returned 100%
        2:   25:		if(test == -1)
branch  0 taken 100% (fallthrough)
branch  1 taken 0%
        2:   26:			printf("\nPass\n"); //test pass? (1)
call    0 returned 100%
        -:   27:		else
    #####:   28:			printf("\nFail\n");
call    0 never executed
        2:   29:	printf("Test: purchase\n");
call    0 returned 100%
        2:   30:	GS.coins = 10;
        2:   31:	test = buyCard(2, &GS);
call    0 returned 100%
        2:   32:		if(test == 0)
branch  0 taken 0% (fallthrough)
branch  1 taken 100%
    #####:   33:			printf("\nPass\n"); //test pass? (2)
call    0 never executed
        -:   34:		else
        2:   35:			printf("\nFail\n");
call    0 returned 100%
        2:   36: 	printf("Test: amount\n");
call    0 returned 100%
        2:   37: 	test = buyCard(2, &GS);
call    0 returned 100%
        2:   38:		if(test == 0)
branch  0 taken 0% (fallthrough)
branch  1 taken 100%
    #####:   39:			printf("\nPass\n"); //test pass? (3)
call    0 never executed
        -:   40:		else
        2:   41:			printf("\nFail\n");
call    0 returned 100%
        2:   42: 	printf("Test: purchases remaining\n");
call    0 returned 100%
        2:   43: 	GS.coins = 6;
        2:   44:	test = buyCard(2, &GS);
call    0 returned 100%
        2:   45:		if(test == -1)
branch  0 taken 100% (fallthrough)
branch  1 taken 0%
        2:   46:			printf("\nPass\n"); //test pass all 3 times = pass for whole test
call    0 returned 100%
        -:   47:		else
    #####:   48:			printf("\nFail\n");
call    0 never executed
        -:   49:		
        2:   50: 	printf("\nEnd of Test: Buy Card\n");  //message that testing has ended
call    0 returned 100%
        -:   51:	
        2:   52: 	return 0;	 //exit
        -:   53:}
